# JRE version: OpenJDK Runtime Environment (8.0_212-b04) (build 1.8.0_212-release-1586-b04)
# Java VM: OpenJDK 64-Bit Server VM (25.212-b04 mixed mode windows-amd64 compressed oops)
Heap:
 PSYoungGen      total 471552K, used 52442K [0x00000000e0000000, 0x0000000100000000, 0x0000000100000000)
  eden space 431616K, 2% used [0x00000000e0000000,0x00000000e0c70cf8,0x00000000fa580000)
  from space 39936K, 99% used [0x00000000fa580000,0x00000000fcc45e48,0x00000000fcc80000)
  to   space 50688K, 0% used [0x00000000fce80000,0x00000000fce80000,0x0000000100000000)
 ParOldGen       total 205824K, used 150084K [0x00000000a0000000, 0x00000000ac900000, 0x00000000e0000000)
  object space 205824K, 72% used [0x00000000a0000000,0x00000000a9291080,0x00000000ac900000)
 Metaspace       used 95086K, capacity 98906K, committed 100568K, reserved 1136640K
  class space    used 12158K, capacity 12901K, committed 13312K, reserved 1048576K
GC Heap History (10 events):
Event: 155.552 GC heap before
{Heap before GC invocations=40 (full 4):
 PSYoungGen      total 467968K, used 430174K [0x00000000e0000000, 0x00000000ffc80000, 0x0000000100000000)
  eden space 415744K, 100% used [0x00000000e0000000,0x00000000f9600000,0x00000000f9600000)
  from space 52224K, 27% used [0x00000000f9600000,0x00000000fa417918,0x00000000fc900000)
  to   space 50688K, 0% used [0x00000000fcb00000,0x00000000fcb00000,0x00000000ffc80000)
 ParOldGen       total 205824K, used 111229K [0x00000000a0000000, 0x00000000ac900000, 0x00000000e0000000)
  object space 205824K, 54% used [0x00000000a0000000,0x00000000a6c9f550,0x00000000ac900000)
 Metaspace       used 94223K, capacity 97956K, committed 99672K, reserved 1136640K
  class space    used 12072K, capacity 12824K, committed 13184K, reserved 1048576K
Event: 155.581 GC heap after
Heap after GC invocations=40 (full 4):
 PSYoungGen      total 471040K, used 7312K [0x00000000e0000000, 0x00000000ffc80000, 0x0000000100000000)
  eden space 420352K, 0% used [0x00000000e0000000,0x00000000e0000000,0x00000000f9a80000)
  from space 50688K, 14% used [0x00000000fcb00000,0x00000000fd2243c0,0x00000000ffc80000)
  to   space 49664K, 0% used [0x00000000f9a80000,0x00000000f9a80000,0x00000000fcb00000)
 ParOldGen       total 205824K, used 121480K [0x00000000a0000000, 0x00000000ac900000, 0x00000000e0000000)
  object space 205824K, 59% used [0x00000000a0000000,0x00000000a76a2158,0x00000000ac900000)
 Metaspace       used 94223K, capacity 97956K, committed 99672K, reserved 1136640K
  class space    used 12072K, capacity 12824K, committed 13184K, reserved 1048576K
}
Event: 156.395 GC heap before
{Heap before GC invocations=41 (full 4):
 PSYoungGen      total 471040K, used 427664K [0x00000000e0000000, 0x00000000ffc80000, 0x0000000100000000)
  eden space 420352K, 100% used [0x00000000e0000000,0x00000000f9a80000,0x00000000f9a80000)
  from space 50688K, 14% used [0x00000000fcb00000,0x00000000fd2243c0,0x00000000ffc80000)
  to   space 49664K, 0% used [0x00000000f9a80000,0x00000000f9a80000,0x00000000fcb00000)
 ParOldGen       total 205824K, used 121480K [0x00000000a0000000, 0x00000000ac900000, 0x00000000e0000000)
  object space 205824K, 59% used [0x00000000a0000000,0x00000000a76a2158,0x00000000ac900000)
 Metaspace       used 94240K, capacity 97956K, committed 99672K, reserved 1136640K
  class space    used 12072K, capacity 12824K, committed 13184K, reserved 1048576K
Event: 156.424 GC heap after
Heap after GC invocations=41 (full 4):
 PSYoungGen      total 470016K, used 15884K [0x00000000e0000000, 0x00000000ffb00000, 0x0000000100000000)
  eden space 420352K, 0% used [0x00000000e0000000,0x00000000e0000000,0x00000000f9a80000)
  from space 49664K, 31% used [0x00000000f9a80000,0x00000000faa03340,0x00000000fcb00000)
  to   space 47616K, 0% used [0x00000000fcc80000,0x00000000fcc80000,0x00000000ffb00000)
 ParOldGen       total 205824K, used 127014K [0x00000000a0000000, 0x00000000ac900000, 0x00000000e0000000)
  object space 205824K, 61% used [0x00000000a0000000,0x00000000a7c09a68,0x00000000ac900000)
 Metaspace       used 94240K, capacity 97956K, committed 99672K, reserved 1136640K
  class space    used 12072K, capacity 12824K, committed 13184K, reserved 1048576K
}
Event: 157.435 GC heap before
{Heap before GC invocations=42 (full 4):
 PSYoungGen      total 470016K, used 436236K [0x00000000e0000000, 0x00000000ffb00000, 0x0000000100000000)
  eden space 420352K, 100% used [0x00000000e0000000,0x00000000f9a80000,0x00000000f9a80000)
  from space 49664K, 31% used [0x00000000f9a80000,0x00000000faa03340,0x00000000fcb00000)
  to   space 47616K, 0% used [0x00000000fcc80000,0x00000000fcc80000,0x00000000ffb00000)
 ParOldGen       total 205824K, used 127014K [0x00000000a0000000, 0x00000000ac900000, 0x00000000e0000000)
  object space 205824K, 61% used [0x00000000a0000000,0x00000000a7c09a68,0x00000000ac900000)
 Metaspace       used 94295K, capacity 98032K, committed 99672K, reserved 1136640K
  class space    used 12076K, capacity 12826K, committed 13184K, reserved 1048576K
Event: 157.458 GC heap after
Heap after GC invocations=42 (full 4):
 PSYoungGen      total 472576K, used 6544K [0x00000000e0000000, 0x00000000ffc00000, 0x0000000100000000)
  eden space 424960K, 0% used [0x00000000e0000000,0x00000000e0000000,0x00000000f9f00000)
  from space 47616K, 13% used [0x00000000fcc80000,0x00000000fd2e4380,0x00000000ffb00000)
  to   space 46592K, 0% used [0x00000000f9f00000,0x00000000f9f00000,0x00000000fcc80000)
 ParOldGen       total 205824K, used 138088K [0x00000000a0000000, 0x00000000ac900000, 0x00000000e0000000)
  object space 205824K, 67% used [0x00000000a0000000,0x00000000a86da130,0x00000000ac900000)
 Metaspace       used 94295K, capacity 98032K, committed 99672K, reserved 1136640K
  class space    used 12076K, capacity 12826K, committed 13184K, reserved 1048576K
}
Event: 158.372 GC heap before
{Heap before GC invocations=43 (full 4):
 PSYoungGen      total 472576K, used 431504K [0x00000000e0000000, 0x00000000ffc00000, 0x0000000100000000)
  eden space 424960K, 100% used [0x00000000e0000000,0x00000000f9f00000,0x00000000f9f00000)
  from space 47616K, 13% used [0x00000000fcc80000,0x00000000fd2e4380,0x00000000ffb00000)
  to   space 46592K, 0% used [0x00000000f9f00000,0x00000000f9f00000,0x00000000fcc80000)
 ParOldGen       total 205824K, used 138088K [0x00000000a0000000, 0x00000000ac900000, 0x00000000e0000000)
  object space 205824K, 67% used [0x00000000a0000000,0x00000000a86da130,0x00000000ac900000)
 Metaspace       used 94320K, capacity 98032K, committed 99672K, reserved 1136640K
  class space    used 12076K, capacity 12826K, committed 13184K, reserved 1048576K
Event: 158.392 GC heap after
Heap after GC invocations=43 (full 4):
 PSYoungGen      total 471552K, used 6812K [0x00000000e0000000, 0x00000000ffe00000, 0x0000000100000000)
  eden space 424960K, 0% used [0x00000000e0000000,0x00000000e0000000,0x00000000f9f00000)
  from space 46592K, 14% used [0x00000000f9f00000,0x00000000fa5a72b0,0x00000000fcc80000)
  to   space 46080K, 0% used [0x00000000fd100000,0x00000000fd100000,0x00000000ffe00000)
 ParOldGen       total 205824K, used 142874K [0x00000000a0000000, 0x00000000ac900000, 0x00000000e0000000)
  object space 205824K, 69% used [0x00000000a0000000,0x00000000a8b86950,0x00000000ac900000)
 Metaspace       used 94320K, capacity 98032K, committed 99672K, reserved 1136640K
  class space    used 12076K, capacity 12826K, committed 13184K, reserved 1048576K
}
Event: 159.469 GC heap before
{Heap before GC invocations=44 (full 4):
 PSYoungGen      total 471552K, used 431772K [0x00000000e0000000, 0x00000000ffe00000, 0x0000000100000000)
  eden space 424960K, 100% used [0x00000000e0000000,0x00000000f9f00000,0x00000000f9f00000)
  from space 46592K, 14% used [0x00000000f9f00000,0x00000000fa5a72b0,0x00000000fcc80000)
  to   space 46080K, 0% used [0x00000000fd100000,0x00000000fd100000,0x00000000ffe00000)
 ParOldGen       total 205824K, used 142874K [0x00000000a0000000, 0x00000000ac900000, 0x00000000e0000000)
  object space 205824K, 69% used [0x00000000a0000000,0x00000000a8b86950,0x00000000ac900000)
 Metaspace       used 94388K, capacity 98110K, committed 99672K, reserved 1136640K
  class space    used 12085K, capacity 12827K, committed 13184K, reserved 1048576K
Event: 159.489 GC heap after
Heap after GC invocations=44 (full 4):
 PSYoungGen      total 476160K, used 5949K [0x00000000e0000000, 0x00000000ffc80000, 0x0000000100000000)
  eden space 431616K, 0% used [0x00000000e0000000,0x00000000e0000000,0x00000000fa580000)
  from space 44544K, 13% used [0x00000000fd100000,0x00000000fd6cf538,0x00000000ffc80000)
  to   space 44544K, 0% used [0x00000000fa580000,0x00000000fa580000,0x00000000fd100000)
 ParOldGen       total 205824K, used 146782K [0x00000000a0000000, 0x00000000ac900000, 0x00000000e0000000)
  object space 205824K, 71% used [0x00000000a0000000,0x00000000a8f57b48,0x00000000ac900000)
 Metaspace       used 94388K, capacity 98110K, committed 99672K, reserved 1136640K
  class space    used 12085K, capacity 12827K, committed 13184K, reserved 1048576K
}

